<?xml version="1.0" encoding="UTF-8"?>
<!-- Generated by org.testng.reporters.JUnitReportReporter -->
<testsuite hostname="DESKTOP-0K8TTCB" failures="0" tests="1" name="Basic.OrganizationTest" time="12.501" errors="0" timestamp="2024-03-15T12:52:21 IST" skipped="0">
  <testcase classname="Basic.OrganizationTest" name="CreateOrganizationTest" time="12.501"/>
  <system-out/>
</testsuite> <!-- Basic.OrganizationTest -->
